<?xml version="1.0" encoding="UTF-8"?>
<testng-results skipped="0" failed="0" total="1" passed="1">
  <reporter-output>
  </reporter-output>
  <suite name="Banking App Testcases" duration-ms="10662" started-at="2021-07-19T21:34:24Z" finished-at="2021-07-19T21:34:34Z">
    <groups>
    </groups>
    <test name="Regression Test" duration-ms="10662" started-at="2021-07-19T21:34:24Z" finished-at="2021-07-19T21:34:34Z">
      <class name="test.LoginTest">
        <test-method status="PASS" signature="Setup()[pri:0, instance:test.LoginTest@29ba4338]" name="Setup" is-config="true" duration-ms="4697" started-at="2021-07-19T21:34:24Z" finished-at="2021-07-19T21:34:28Z">
        </test-method> <!-- Setup -->
        <test-method status="PASS" signature="Testcase1(java.lang.String, java.lang.String)[pri:0, instance:test.LoginTest@29ba4338]" name="Testcase1" duration-ms="5201" started-at="2021-07-19T21:34:28Z" finished-at="2021-07-19T21:34:34Z">
          <params>
            <param index="0">
              <value>
                <![CDATA[abc@xyz.com]]>
              </value>
            </param>
            <param index="1">
              <value>
                <![CDATA[abcd]]>
              </value>
            </param>
          </params>
        </test-method> <!-- Testcase1 -->
        <test-method status="PASS" signature="Cleanup()[pri:0, instance:test.LoginTest@29ba4338]" name="Cleanup" is-config="true" duration-ms="750" started-at="2021-07-19T21:34:34Z" finished-at="2021-07-19T21:34:34Z">
        </test-method> <!-- Cleanup -->
      </class> <!-- test.LoginTest -->
    </test> <!-- Regression Test -->
  </suite> <!-- Banking App Testcases -->
</testng-results>
